0 info it worked if it ends with ok
1 verbose cli [ 'C:\\Program Files\\nodejs\\node.exe',
1 verbose cli   'C:\\Program Files\\nodejs\\node_modules\\npm\\bin\\npm-cli.js',
1 verbose cli   'install',
1 verbose cli   'bcrypt',
1 verbose cli   '--save' ]
2 info using npm@2.15.9
3 info using node@v4.6.0
4 verbose install initial load of C:\Users\Steve Masteller\Documents\sites\build-rest-api-with-express-v1\package.json
5 warn package.json techdegree-fullstackjs-course-review-rest-api@1.0.0 No description
6 warn package.json techdegree-fullstackjs-course-review-rest-api@1.0.0 No repository field.
7 warn package.json techdegree-fullstackjs-course-review-rest-api@1.0.0 No README data
8 verbose installManyTop reading scoped package data from C:\Users\Steve Masteller\Documents\sites\build-rest-api-with-express-v1\node_modules\angular\package.json
9 verbose installManyTop reading scoped package data from C:\Users\Steve Masteller\Documents\sites\build-rest-api-with-express-v1\node_modules\angular-route\package.json
10 verbose installManyTop reading scoped package data from C:\Users\Steve Masteller\Documents\sites\build-rest-api-with-express-v1\node_modules\angular-sanitize\package.json
11 verbose installManyTop reading scoped package data from C:\Users\Steve Masteller\Documents\sites\build-rest-api-with-express-v1\node_modules\body-parser\package.json
12 verbose installManyTop reading scoped package data from C:\Users\Steve Masteller\Documents\sites\build-rest-api-with-express-v1\node_modules\express\package.json
13 verbose installManyTop reading scoped package data from C:\Users\Steve Masteller\Documents\sites\build-rest-api-with-express-v1\node_modules\jquery\package.json
14 verbose installManyTop reading scoped package data from C:\Users\Steve Masteller\Documents\sites\build-rest-api-with-express-v1\node_modules\mongoose\package.json
15 verbose installManyTop reading scoped package data from C:\Users\Steve Masteller\Documents\sites\build-rest-api-with-express-v1\node_modules\mongoose-seeder\package.json
16 verbose installManyTop reading scoped package data from C:\Users\Steve Masteller\Documents\sites\build-rest-api-with-express-v1\node_modules\morgan\package.json
17 verbose installManyTop reading scoped package data from C:\Users\Steve Masteller\Documents\sites\build-rest-api-with-express-v1\node_modules\nodemon\package.json
18 verbose installManyTop reading scoped package data from C:\Users\Steve Masteller\Documents\sites\build-rest-api-with-express-v1\node_modules\showdown\package.json
19 verbose installManyTop reading scoped package data from C:\Users\Steve Masteller\Documents\sites\build-rest-api-with-express-v1\node_modules\toastr\package.json
20 verbose installManyTop reading scoped package data from C:\Users\Steve Masteller\Documents\sites\build-rest-api-with-express-v1\node_modules\underscore\package.json
21 verbose installManyTop reading scoped package data from C:\Users\Steve Masteller\Documents\sites\build-rest-api-with-express-v1\node_modules\webpack\package.json
22 info package.json toastr@2.1.2 No license field.
23 verbose readDependencies loading dependencies from C:\Users\Steve Masteller\Documents\sites\build-rest-api-with-express-v1\package.json
24 silly cache add args [ 'bcrypt', null ]
25 verbose cache add spec bcrypt
26 silly cache add parsed spec Result {
26 silly cache add   raw: 'bcrypt',
26 silly cache add   scope: null,
26 silly cache add   name: 'bcrypt',
26 silly cache add   rawSpec: '',
26 silly cache add   spec: 'latest',
26 silly cache add   type: 'tag' }
27 silly addNamed bcrypt@latest
28 verbose addNamed "latest" is being treated as a dist-tag for bcrypt
29 info addNameTag [ 'bcrypt', 'latest' ]
30 silly mapToRegistry name bcrypt
31 silly mapToRegistry using default registry
32 silly mapToRegistry registry https://registry.npmjs.org/
33 silly mapToRegistry data Result {
33 silly mapToRegistry   raw: 'bcrypt',
33 silly mapToRegistry   scope: null,
33 silly mapToRegistry   name: 'bcrypt',
33 silly mapToRegistry   rawSpec: '',
33 silly mapToRegistry   spec: 'latest',
33 silly mapToRegistry   type: 'tag' }
34 silly mapToRegistry uri https://registry.npmjs.org/bcrypt
35 verbose addNameTag registry:https://registry.npmjs.org/bcrypt not in flight; fetching
36 verbose request uri https://registry.npmjs.org/bcrypt
37 verbose request no auth needed
38 info attempt registry request try #1 at 11:55:37 PM
39 verbose request id c6c63a7391e4b80e
40 http request GET https://registry.npmjs.org/bcrypt
41 http 200 https://registry.npmjs.org/bcrypt
42 verbose headers { server: 'CouchDB/1.5.0 (Erlang OTP/R16B03)',
42 verbose headers   etag: '"2W7CTWO1ETKY4R5XARYMM9SFN"',
42 verbose headers   'content-type': 'application/json',
42 verbose headers   'content-encoding': 'gzip',
42 verbose headers   'cache-control': 'max-age=300',
42 verbose headers   'content-length': '11903',
42 verbose headers   'accept-ranges': 'bytes',
42 verbose headers   date: 'Fri, 14 Oct 2016 03:56:03 GMT',
42 verbose headers   via: '1.1 varnish',
42 verbose headers   age: '97',
42 verbose headers   connection: 'keep-alive',
42 verbose headers   'x-served-by': 'cache-ord1731-ORD',
42 verbose headers   'x-cache': 'HIT',
42 verbose headers   'x-cache-hits': '2',
42 verbose headers   'x-timer': 'S1476417363.715796,VS0,VE0',
42 verbose headers   vary: 'Accept-Encoding' }
43 silly get cb [ 200,
43 silly get   { server: 'CouchDB/1.5.0 (Erlang OTP/R16B03)',
43 silly get     etag: '"2W7CTWO1ETKY4R5XARYMM9SFN"',
43 silly get     'content-type': 'application/json',
43 silly get     'content-encoding': 'gzip',
43 silly get     'cache-control': 'max-age=300',
43 silly get     'content-length': '11903',
43 silly get     'accept-ranges': 'bytes',
43 silly get     date: 'Fri, 14 Oct 2016 03:56:03 GMT',
43 silly get     via: '1.1 varnish',
43 silly get     age: '97',
43 silly get     connection: 'keep-alive',
43 silly get     'x-served-by': 'cache-ord1731-ORD',
43 silly get     'x-cache': 'HIT',
43 silly get     'x-cache-hits': '2',
43 silly get     'x-timer': 'S1476417363.715796,VS0,VE0',
43 silly get     vary: 'Accept-Encoding' } ]
44 verbose get saving bcrypt to C:\Users\Steve Masteller\AppData\Roaming\npm-cache\registry.npmjs.org\bcrypt\.cache.json
45 verbose correctMkdir C:\Users\Steve Masteller\AppData\Roaming\npm-cache correctMkdir not in flight; initializing
46 silly addNameTag next cb for bcrypt with tag latest
47 silly addNamed bcrypt@0.8.7
48 verbose addNamed "0.8.7" is a plain semver version for bcrypt
49 silly mapToRegistry name bcrypt
50 silly mapToRegistry using default registry
51 silly mapToRegistry registry https://registry.npmjs.org/
52 silly mapToRegistry data Result {
52 silly mapToRegistry   raw: 'bcrypt',
52 silly mapToRegistry   scope: null,
52 silly mapToRegistry   name: 'bcrypt',
52 silly mapToRegistry   rawSpec: '',
52 silly mapToRegistry   spec: 'latest',
52 silly mapToRegistry   type: 'tag' }
53 silly mapToRegistry uri https://registry.npmjs.org/bcrypt
54 verbose addRemoteTarball https://registry.npmjs.org/bcrypt/-/bcrypt-0.8.7.tgz not in flight; adding
55 verbose addRemoteTarball [ 'https://registry.npmjs.org/bcrypt/-/bcrypt-0.8.7.tgz',
55 verbose addRemoteTarball   'bc3875a9afd0a7b2cd231a6a7f218a5ce156b093' ]
56 info retry fetch attempt 1 at 11:55:38 PM
57 info attempt registry request try #1 at 11:55:38 PM
58 http fetch GET https://registry.npmjs.org/bcrypt/-/bcrypt-0.8.7.tgz
59 http fetch 200 https://registry.npmjs.org/bcrypt/-/bcrypt-0.8.7.tgz
60 silly fetchAndShaCheck shasum bc3875a9afd0a7b2cd231a6a7f218a5ce156b093
61 verbose addTmpTarball C:\Users\STEVEM~1\AppData\Local\Temp\npm-14228-cec0a6d1\registry.npmjs.org\bcrypt\-\bcrypt-0.8.7.tgz not in flight; adding
62 verbose addTmpTarball already have metadata; skipping unpack for bcrypt@0.8.7
63 verbose correctMkdir C:\Users\Steve Masteller\AppData\Roaming\npm-cache correctMkdir not in flight; initializing
64 silly cache afterAdd bcrypt@0.8.7
65 verbose afterAdd C:\Users\Steve Masteller\AppData\Roaming\npm-cache\bcrypt\0.8.7\package\package.json not in flight; writing
66 verbose correctMkdir C:\Users\Steve Masteller\AppData\Roaming\npm-cache correctMkdir not in flight; initializing
67 verbose afterAdd C:\Users\Steve Masteller\AppData\Roaming\npm-cache\bcrypt\0.8.7\package\package.json written
68 silly install resolved [ { name: 'bcrypt',
68 silly install resolved     description: 'A bcrypt library for NodeJS.',
68 silly install resolved     keywords:
68 silly install resolved      [ 'bcrypt',
68 silly install resolved        'password',
68 silly install resolved        'auth',
68 silly install resolved        'authentication',
68 silly install resolved        'encryption',
68 silly install resolved        'crypt',
68 silly install resolved        'crypto' ],
68 silly install resolved     main: './bcrypt',
68 silly install resolved     version: '0.8.7',
68 silly install resolved     author: { name: 'Nick Campbell', url: 'https://github.com/ncb000gt' },
68 silly install resolved     engines: { node: '>= 0.6.0' },
68 silly install resolved     repository:
68 silly install resolved      { type: 'git',
68 silly install resolved        url: 'git+https://github.com/ncb000gt/node.bcrypt.js.git' },
68 silly install resolved     license: 'MIT',
68 silly install resolved     bugs: { url: 'https://github.com/ncb000gt/node.bcrypt.js/issues' },
68 silly install resolved     scripts:
68 silly install resolved      { test: 'node-gyp configure build && nodeunit test',
68 silly install resolved        install: 'node-gyp rebuild' },
68 silly install resolved     dependencies: { bindings: '1.2.1', nan: '2.3.5' },
68 silly install resolved     devDependencies: { nodeunit: '~0.9.1' },
68 silly install resolved     contributors:
68 silly install resolved      [ [Object],
68 silly install resolved        [Object],
68 silly install resolved        [Object],
68 silly install resolved        [Object],
68 silly install resolved        [Object],
68 silly install resolved        [Object],
68 silly install resolved        [Object],
68 silly install resolved        [Object],
68 silly install resolved        [Object],
68 silly install resolved        [Object],
68 silly install resolved        [Object],
68 silly install resolved        [Object],
68 silly install resolved        [Object],
68 silly install resolved        [Object] ],
68 silly install resolved     gypfile: true,
68 silly install resolved     gitHead: '0dc9b78dab6980d129b77d1df723aa44daa7deb4',
68 silly install resolved     homepage: 'https://github.com/ncb000gt/node.bcrypt.js#readme',
68 silly install resolved     _id: 'bcrypt@0.8.7',
68 silly install resolved     _shasum: 'bc3875a9afd0a7b2cd231a6a7f218a5ce156b093',
68 silly install resolved     _from: 'bcrypt@latest',
68 silly install resolved     _npmVersion: '3.8.9',
68 silly install resolved     _nodeVersion: '6.2.0',
68 silly install resolved     _npmUser: { name: 'defunctzombie', email: 'shtylman@gmail.com' },
68 silly install resolved     dist:
68 silly install resolved      { shasum: 'bc3875a9afd0a7b2cd231a6a7f218a5ce156b093',
68 silly install resolved        tarball: 'https://registry.npmjs.org/bcrypt/-/bcrypt-0.8.7.tgz' },
68 silly install resolved     maintainers: [ [Object], [Object], [Object], [Object] ],
68 silly install resolved     _npmOperationalInternal:
68 silly install resolved      { host: 'packages-12-west.internal.npmjs.com',
68 silly install resolved        tmp: 'tmp/bcrypt-0.8.7.tgz_1465526713712_0.05265477881766856' },
68 silly install resolved     directories: {},
68 silly install resolved     _resolved: 'https://registry.npmjs.org/bcrypt/-/bcrypt-0.8.7.tgz' } ]
69 info install bcrypt@0.8.7 into C:\Users\Steve Masteller\Documents\sites\build-rest-api-with-express-v1
70 info installOne bcrypt@0.8.7
71 verbose installOne of bcrypt to C:\Users\Steve Masteller\Documents\sites\build-rest-api-with-express-v1 not in flight; installing
72 verbose correctMkdir C:\Users\Steve Masteller\AppData\Roaming\npm-cache\_locks correctMkdir not in flight; initializing
73 verbose lock using C:\Users\Steve Masteller\AppData\Roaming\npm-cache\_locks\bcrypt-20294bd58f21587c.lock for C:\Users\Steve Masteller\Documents\sites\build-rest-api-with-express-v1\node_modules\bcrypt
74 silly install write writing bcrypt 0.8.7 to C:\Users\Steve Masteller\Documents\sites\build-rest-api-with-express-v1\node_modules\bcrypt
75 verbose unbuild node_modules\bcrypt
76 silly gentlyRm C:\Users\Steve Masteller\Documents\sites\build-rest-api-with-express-v1\node_modules\bcrypt is being purged from base C:\Users\Steve Masteller\Documents\sites\build-rest-api-with-express-v1
77 verbose gentlyRm don't care about contents; nuking C:\Users\Steve Masteller\Documents\sites\build-rest-api-with-express-v1\node_modules\bcrypt
78 verbose tar unpack C:\Users\Steve Masteller\AppData\Roaming\npm-cache\bcrypt\0.8.7\package.tgz
79 verbose tar unpacking to C:\Users\Steve Masteller\Documents\sites\build-rest-api-with-express-v1\node_modules\bcrypt
80 silly gentlyRm C:\Users\Steve Masteller\Documents\sites\build-rest-api-with-express-v1\node_modules\bcrypt is being purged
81 verbose gentlyRm don't care about contents; nuking C:\Users\Steve Masteller\Documents\sites\build-rest-api-with-express-v1\node_modules\bcrypt
82 silly gunzTarPerm modes [ '777', '666' ]
83 silly gunzTarPerm extractEntry package.json
84 silly gunzTarPerm modified mode [ 'package.json', 420, 438 ]
85 silly gunzTarPerm extractEntry .npmignore
86 silly gunzTarPerm modified mode [ '.npmignore', 420, 438 ]
87 silly gunzTarPerm extractEntry README.md
88 silly gunzTarPerm modified mode [ 'README.md', 420, 438 ]
89 silly gunzTarPerm extractEntry LICENSE
90 silly gunzTarPerm modified mode [ 'LICENSE', 420, 438 ]
91 silly gunzTarPerm extractEntry bcrypt.js
92 silly gunzTarPerm modified mode [ 'bcrypt.js', 420, 438 ]
93 silly gunzTarPerm extractEntry Makefile
94 silly gunzTarPerm modified mode [ 'Makefile', 420, 438 ]
95 silly gunzTarPerm extractEntry .travis.yml
96 silly gunzTarPerm modified mode [ '.travis.yml', 420, 438 ]
97 silly gunzTarPerm extractEntry CHANGELOG.md
98 silly gunzTarPerm modified mode [ 'CHANGELOG.md', 420, 438 ]
99 silly gunzTarPerm extractEntry binding.gyp
100 silly gunzTarPerm modified mode [ 'binding.gyp', 420, 438 ]
101 silly gunzTarPerm extractEntry examples/async_compare.js
102 silly gunzTarPerm modified mode [ 'examples/async_compare.js', 420, 438 ]
103 silly gunzTarPerm extractEntry examples/forever_gen_salt.js
104 silly gunzTarPerm modified mode [ 'examples/forever_gen_salt.js', 420, 438 ]
105 silly gunzTarPerm extractEntry test/async.js
106 silly gunzTarPerm modified mode [ 'test/async.js', 420, 438 ]
107 silly gunzTarPerm extractEntry test/repetitions.js
108 silly gunzTarPerm modified mode [ 'test/repetitions.js', 420, 438 ]
109 silly gunzTarPerm extractEntry test/sync.js
110 silly gunzTarPerm modified mode [ 'test/sync.js', 420, 438 ]
111 silly gunzTarPerm extractEntry ISSUE_TEMPLATE.md
112 silly gunzTarPerm modified mode [ 'ISSUE_TEMPLATE.md', 420, 438 ]
113 silly gunzTarPerm extractEntry src/bcrypt.cc
114 silly gunzTarPerm modified mode [ 'src/bcrypt.cc', 420, 438 ]
115 silly gunzTarPerm extractEntry src/bcrypt_node.cc
116 silly gunzTarPerm modified mode [ 'src/bcrypt_node.cc', 420, 438 ]
117 silly gunzTarPerm extractEntry src/blowfish.cc
118 silly gunzTarPerm modified mode [ 'src/blowfish.cc', 420, 438 ]
119 silly gunzTarPerm extractEntry src/node_blf.h
120 silly gunzTarPerm modified mode [ 'src/node_blf.h', 420, 438 ]
121 silly gunzTarPerm extractEntry werker.yml
122 silly gunzTarPerm modified mode [ 'werker.yml', 420, 438 ]
123 verbose write writing to C:\Users\Steve Masteller\Documents\sites\build-rest-api-with-express-v1\node_modules\bcrypt\package.json
124 info preinstall bcrypt@0.8.7
125 verbose readDependencies loading dependencies from C:\Users\Steve Masteller\Documents\sites\build-rest-api-with-express-v1\node_modules\bcrypt\package.json
126 silly prepareForInstallMany adding bindings@1.2.1 from bcrypt dependencies
127 silly prepareForInstallMany adding nan@2.3.5 from bcrypt dependencies
128 verbose readDependencies loading dependencies from C:\Users\Steve Masteller\Documents\sites\build-rest-api-with-express-v1\node_modules\bcrypt\package.json
129 silly cache add args [ 'bindings@1.2.1', null ]
130 verbose cache add spec bindings@1.2.1
131 silly cache add args [ 'nan@2.3.5', null ]
132 verbose cache add spec nan@2.3.5
133 silly cache add parsed spec Result {
133 silly cache add   raw: 'bindings@1.2.1',
133 silly cache add   scope: null,
133 silly cache add   name: 'bindings',
133 silly cache add   rawSpec: '1.2.1',
133 silly cache add   spec: '1.2.1',
133 silly cache add   type: 'version' }
134 silly addNamed bindings@1.2.1
135 verbose addNamed "1.2.1" is a plain semver version for bindings
136 silly mapToRegistry name bindings
137 silly mapToRegistry using default registry
138 silly mapToRegistry registry https://registry.npmjs.org/
139 silly mapToRegistry data Result {
139 silly mapToRegistry   raw: 'bindings',
139 silly mapToRegistry   scope: null,
139 silly mapToRegistry   name: 'bindings',
139 silly mapToRegistry   rawSpec: '',
139 silly mapToRegistry   spec: 'latest',
139 silly mapToRegistry   type: 'tag' }
140 silly mapToRegistry uri https://registry.npmjs.org/bindings
141 verbose addNameVersion registry:https://registry.npmjs.org/bindings not in flight; fetching
142 silly cache add parsed spec Result {
142 silly cache add   raw: 'nan@2.3.5',
142 silly cache add   scope: null,
142 silly cache add   name: 'nan',
142 silly cache add   rawSpec: '2.3.5',
142 silly cache add   spec: '2.3.5',
142 silly cache add   type: 'version' }
143 silly addNamed nan@2.3.5
144 verbose addNamed "2.3.5" is a plain semver version for nan
145 silly mapToRegistry name nan
146 silly mapToRegistry using default registry
147 silly mapToRegistry registry https://registry.npmjs.org/
148 silly mapToRegistry data Result {
148 silly mapToRegistry   raw: 'nan',
148 silly mapToRegistry   scope: null,
148 silly mapToRegistry   name: 'nan',
148 silly mapToRegistry   rawSpec: '',
148 silly mapToRegistry   spec: 'latest',
148 silly mapToRegistry   type: 'tag' }
149 silly mapToRegistry uri https://registry.npmjs.org/nan
150 verbose addNameVersion registry:https://registry.npmjs.org/nan not in flight; fetching
151 verbose request uri https://registry.npmjs.org/bindings
152 verbose request no auth needed
153 info attempt registry request try #1 at 11:55:38 PM
154 verbose etag "C1AW6UVQGY4VZQGFC1WTIGMDV"
155 http request GET https://registry.npmjs.org/bindings
156 verbose request uri https://registry.npmjs.org/nan
157 verbose request no auth needed
158 info attempt registry request try #1 at 11:55:38 PM
159 verbose etag "1YJEPM5V4XH0MZT0HV3B8R9BB"
160 http request GET https://registry.npmjs.org/nan
161 http 304 https://registry.npmjs.org/bindings
162 verbose headers { date: 'Fri, 14 Oct 2016 03:56:04 GMT',
162 verbose headers   via: '1.1 varnish',
162 verbose headers   'cache-control': 'max-age=300',
162 verbose headers   etag: '"C1AW6UVQGY4VZQGFC1WTIGMDV"',
162 verbose headers   age: '150',
162 verbose headers   connection: 'keep-alive',
162 verbose headers   'x-served-by': 'cache-ord1731-ORD',
162 verbose headers   'x-cache': 'HIT',
162 verbose headers   'x-cache-hits': '1',
162 verbose headers   'x-timer': 'S1476417364.454820,VS0,VE0',
162 verbose headers   vary: 'Accept-Encoding' }
163 silly get cb [ 304,
163 silly get   { date: 'Fri, 14 Oct 2016 03:56:04 GMT',
163 silly get     via: '1.1 varnish',
163 silly get     'cache-control': 'max-age=300',
163 silly get     etag: '"C1AW6UVQGY4VZQGFC1WTIGMDV"',
163 silly get     age: '150',
163 silly get     connection: 'keep-alive',
163 silly get     'x-served-by': 'cache-ord1731-ORD',
163 silly get     'x-cache': 'HIT',
163 silly get     'x-cache-hits': '1',
163 silly get     'x-timer': 'S1476417364.454820,VS0,VE0',
163 silly get     vary: 'Accept-Encoding' } ]
164 verbose etag https://registry.npmjs.org/bindings from cache
165 verbose get saving bindings to C:\Users\Steve Masteller\AppData\Roaming\npm-cache\registry.npmjs.org\bindings\.cache.json
166 verbose correctMkdir C:\Users\Steve Masteller\AppData\Roaming\npm-cache correctMkdir not in flight; initializing
167 silly cache afterAdd bindings@1.2.1
168 verbose afterAdd C:\Users\Steve Masteller\AppData\Roaming\npm-cache\bindings\1.2.1\package\package.json not in flight; writing
169 verbose correctMkdir C:\Users\Steve Masteller\AppData\Roaming\npm-cache correctMkdir not in flight; initializing
170 verbose afterAdd C:\Users\Steve Masteller\AppData\Roaming\npm-cache\bindings\1.2.1\package\package.json written
171 http 304 https://registry.npmjs.org/nan
172 verbose headers { date: 'Fri, 14 Oct 2016 03:56:04 GMT',
172 verbose headers   via: '1.1 varnish',
172 verbose headers   'cache-control': 'max-age=300',
172 verbose headers   etag: '"1YJEPM5V4XH0MZT0HV3B8R9BB"',
172 verbose headers   age: '88',
172 verbose headers   connection: 'keep-alive',
172 verbose headers   'x-served-by': 'cache-ord1734-ORD',
172 verbose headers   'x-cache': 'HIT',
172 verbose headers   'x-cache-hits': '2',
172 verbose headers   'x-timer': 'S1476417364.604774,VS0,VE0',
172 verbose headers   vary: 'Accept-Encoding' }
173 silly get cb [ 304,
173 silly get   { date: 'Fri, 14 Oct 2016 03:56:04 GMT',
173 silly get     via: '1.1 varnish',
173 silly get     'cache-control': 'max-age=300',
173 silly get     etag: '"1YJEPM5V4XH0MZT0HV3B8R9BB"',
173 silly get     age: '88',
173 silly get     connection: 'keep-alive',
173 silly get     'x-served-by': 'cache-ord1734-ORD',
173 silly get     'x-cache': 'HIT',
173 silly get     'x-cache-hits': '2',
173 silly get     'x-timer': 'S1476417364.604774,VS0,VE0',
173 silly get     vary: 'Accept-Encoding' } ]
174 verbose etag https://registry.npmjs.org/nan from cache
175 verbose get saving nan to C:\Users\Steve Masteller\AppData\Roaming\npm-cache\registry.npmjs.org\nan\.cache.json
176 verbose correctMkdir C:\Users\Steve Masteller\AppData\Roaming\npm-cache correctMkdir not in flight; initializing
177 silly cache afterAdd nan@2.3.5
178 verbose afterAdd C:\Users\Steve Masteller\AppData\Roaming\npm-cache\nan\2.3.5\package\package.json not in flight; writing
179 verbose correctMkdir C:\Users\Steve Masteller\AppData\Roaming\npm-cache correctMkdir not in flight; initializing
180 verbose afterAdd C:\Users\Steve Masteller\AppData\Roaming\npm-cache\nan\2.3.5\package\package.json written
181 silly install resolved [ { name: 'bindings',
181 silly install resolved     description: 'Helper module for loading your native module\'s .node file',
181 silly install resolved     keywords: [ 'native', 'addon', 'bindings', 'gyp', 'waf', 'c', 'c++' ],
181 silly install resolved     version: '1.2.1',
181 silly install resolved     author:
181 silly install resolved      { name: 'Nathan Rajlich',
181 silly install resolved        email: 'nathan@tootallnate.net',
181 silly install resolved        url: 'http://tootallnate.net' },
181 silly install resolved     repository:
181 silly install resolved      { type: 'git',
181 silly install resolved        url: 'git://github.com/TooTallNate/node-bindings.git' },
181 silly install resolved     main: './bindings.js',
181 silly install resolved     bugs: { url: 'https://github.com/TooTallNate/node-bindings/issues' },
181 silly install resolved     homepage: 'https://github.com/TooTallNate/node-bindings',
181 silly install resolved     license: 'MIT',
181 silly install resolved     gitHead: 'e404152ee27f8478ccbc7122ee051246e8e5ec02',
181 silly install resolved     _id: 'bindings@1.2.1',
181 silly install resolved     scripts: {},
181 silly install resolved     _shasum: '14ad6113812d2d37d72e67b4cacb4bb726505f11',
181 silly install resolved     _from: 'bindings@1.2.1',
181 silly install resolved     _npmVersion: '1.4.14',
181 silly install resolved     _npmUser: { name: 'tootallnate', email: 'nathan@tootallnate.net' },
181 silly install resolved     maintainers: [ [Object], [Object] ],
181 silly install resolved     dist:
181 silly install resolved      { shasum: '14ad6113812d2d37d72e67b4cacb4bb726505f11',
181 silly install resolved        tarball: 'https://registry.npmjs.org/bindings/-/bindings-1.2.1.tgz' },
181 silly install resolved     directories: {},
181 silly install resolved     _resolved: 'https://registry.npmjs.org/bindings/-/bindings-1.2.1.tgz',
181 silly install resolved     readme: 'ERROR: No README data found!' },
181 silly install resolved   { name: 'nan',
181 silly install resolved     version: '2.3.5',
181 silly install resolved     description: 'Native Abstractions for Node.js: C++ header for Node 0.8 -> 6 compatibility',
181 silly install resolved     main: 'include_dirs.js',
181 silly install resolved     repository: { type: 'git', url: 'git://github.com/nodejs/nan.git' },
181 silly install resolved     scripts:
181 silly install resolved      { test: 'tap --gc --stderr test/js/*-test.js',
181 silly install resolved        'rebuild-tests': 'node-gyp rebuild --msvs_version=2013 --directory test',
181 silly install resolved        docs: 'doc/.build.sh' },
181 silly install resolved     contributors:
181 silly install resolved      [ [Object],
181 silly install resolved        [Object],
181 silly install resolved        [Object],
181 silly install resolved        [Object],
181 silly install resolved        [Object],
181 silly install resolved        [Object],
181 silly install resolved        [Object] ],
181 silly install resolved     devDependencies:
181 silly install resolved      { bindings: '~1.2.1',
181 silly install resolved        commander: '^2.8.1',
181 silly install resolved        glob: '^5.0.14',
181 silly install resolved        'node-gyp': '~3.0.1',
181 silly install resolved        tap: '~0.7.1',
181 silly install resolved        xtend: '~4.0.0' },
181 silly install resolved     license: 'MIT',
181 silly install resolved     bugs: { url: 'https://github.com/nodejs/nan/issues' },
181 silly install resolved     homepage: 'https://github.com/nodejs/nan#readme',
181 silly install resolved     _id: 'nan@2.3.5',
181 silly install resolved     _shasum: '822a0dc266290ce4cd3a12282ca3e7e364668a08',
181 silly install resolved     _resolved: 'https://registry.npmjs.org/nan/-/nan-2.3.5.tgz',
181 silly install resolved     _from: 'nan@2.3.5',
181 silly install resolved     _npmVersion: '3.3.6',
181 silly install resolved     _nodeVersion: '5.0.0',
181 silly install resolved     _npmUser: { name: 'kkoopa', email: 'bbyholm@abo.fi' },
181 silly install resolved     dist:
181 silly install resolved      { shasum: '822a0dc266290ce4cd3a12282ca3e7e364668a08',
181 silly install resolved        tarball: 'https://registry.npmjs.org/nan/-/nan-2.3.5.tgz' },
181 silly install resolved     maintainers: [ [Object], [Object] ],
181 silly install resolved     _npmOperationalInternal:
181 silly install resolved      { host: 'packages-12-west.internal.npmjs.com',
181 silly install resolved        tmp: 'tmp/nan-2.3.5.tgz_1464707164994_0.4295874561648816' },
181 silly install resolved     directories: {},
181 silly install resolved     readme: 'ERROR: No README data found!' } ]
182 info install bindings@1.2.1 into C:\Users\Steve Masteller\Documents\sites\build-rest-api-with-express-v1\node_modules\bcrypt
183 info install nan@2.3.5 into C:\Users\Steve Masteller\Documents\sites\build-rest-api-with-express-v1\node_modules\bcrypt
184 info installOne bindings@1.2.1
185 verbose installOne of bindings to C:\Users\Steve Masteller\Documents\sites\build-rest-api-with-express-v1\node_modules\bcrypt not in flight; installing
186 verbose correctMkdir C:\Users\Steve Masteller\AppData\Roaming\npm-cache\_locks correctMkdir not in flight; initializing
187 info installOne nan@2.3.5
188 verbose installOne of nan to C:\Users\Steve Masteller\Documents\sites\build-rest-api-with-express-v1\node_modules\bcrypt not in flight; installing
189 verbose correctMkdir C:\Users\Steve Masteller\AppData\Roaming\npm-cache\_locks correctMkdir not in flight; initializing
190 verbose lock using C:\Users\Steve Masteller\AppData\Roaming\npm-cache\_locks\bindings-602a0b7ca22edcae.lock for C:\Users\Steve Masteller\Documents\sites\build-rest-api-with-express-v1\node_modules\bcrypt\node_modules\bindings
191 silly install write writing bindings 1.2.1 to C:\Users\Steve Masteller\Documents\sites\build-rest-api-with-express-v1\node_modules\bcrypt\node_modules\bindings
192 verbose lock using C:\Users\Steve Masteller\AppData\Roaming\npm-cache\_locks\nan-ebce7c4ad487a656.lock for C:\Users\Steve Masteller\Documents\sites\build-rest-api-with-express-v1\node_modules\bcrypt\node_modules\nan
193 silly install write writing nan 2.3.5 to C:\Users\Steve Masteller\Documents\sites\build-rest-api-with-express-v1\node_modules\bcrypt\node_modules\nan
194 verbose unbuild node_modules\bcrypt\node_modules\bindings
195 verbose unbuild node_modules\bcrypt\node_modules\nan
196 silly gentlyRm C:\Users\Steve Masteller\Documents\sites\build-rest-api-with-express-v1\node_modules\bcrypt\node_modules\bindings is being purged from base C:\Users\Steve Masteller\Documents\sites\build-rest-api-with-express-v1
197 verbose gentlyRm don't care about contents; nuking C:\Users\Steve Masteller\Documents\sites\build-rest-api-with-express-v1\node_modules\bcrypt\node_modules\bindings
198 verbose tar unpack C:\Users\Steve Masteller\AppData\Roaming\npm-cache\bindings\1.2.1\package.tgz
199 verbose tar unpacking to C:\Users\Steve Masteller\Documents\sites\build-rest-api-with-express-v1\node_modules\bcrypt\node_modules\bindings
200 silly gentlyRm C:\Users\Steve Masteller\Documents\sites\build-rest-api-with-express-v1\node_modules\bcrypt\node_modules\bindings is being purged
201 verbose gentlyRm don't care about contents; nuking C:\Users\Steve Masteller\Documents\sites\build-rest-api-with-express-v1\node_modules\bcrypt\node_modules\bindings
202 silly gunzTarPerm modes [ '777', '666' ]
203 silly gentlyRm C:\Users\Steve Masteller\Documents\sites\build-rest-api-with-express-v1\node_modules\bcrypt\node_modules\nan is being purged from base C:\Users\Steve Masteller\Documents\sites\build-rest-api-with-express-v1
204 verbose gentlyRm don't care about contents; nuking C:\Users\Steve Masteller\Documents\sites\build-rest-api-with-express-v1\node_modules\bcrypt\node_modules\nan
205 verbose tar unpack C:\Users\Steve Masteller\AppData\Roaming\npm-cache\nan\2.3.5\package.tgz
206 verbose tar unpacking to C:\Users\Steve Masteller\Documents\sites\build-rest-api-with-express-v1\node_modules\bcrypt\node_modules\nan
207 silly gentlyRm C:\Users\Steve Masteller\Documents\sites\build-rest-api-with-express-v1\node_modules\bcrypt\node_modules\nan is being purged
208 verbose gentlyRm don't care about contents; nuking C:\Users\Steve Masteller\Documents\sites\build-rest-api-with-express-v1\node_modules\bcrypt\node_modules\nan
209 silly gunzTarPerm modes [ '777', '666' ]
210 silly gunzTarPerm extractEntry package.json
211 silly gunzTarPerm modified mode [ 'package.json', 420, 438 ]
212 silly gunzTarPerm extractEntry package.json
213 silly gunzTarPerm modified mode [ 'package.json', 436, 438 ]
214 silly gunzTarPerm extractEntry README.md
215 silly gunzTarPerm modified mode [ 'README.md', 420, 438 ]
216 silly gunzTarPerm extractEntry bindings.js
217 silly gunzTarPerm modified mode [ 'bindings.js', 420, 438 ]
218 silly gunzTarPerm extractEntry README.md
219 silly gunzTarPerm modified mode [ 'README.md', 436, 438 ]
220 silly gunzTarPerm extractEntry include_dirs.js
221 silly gunzTarPerm modified mode [ 'include_dirs.js', 436, 438 ]
222 silly gunzTarPerm extractEntry nan_converters.h
223 silly gunzTarPerm modified mode [ 'nan_converters.h', 436, 438 ]
224 silly gunzTarPerm extractEntry LICENSE.md
225 silly gunzTarPerm modified mode [ 'LICENSE.md', 436, 438 ]
226 silly gunzTarPerm extractEntry doc/node_misc.md
227 silly gunzTarPerm modified mode [ 'doc/node_misc.md', 436, 438 ]
228 silly gunzTarPerm extractEntry doc/asyncworker.md
229 silly gunzTarPerm modified mode [ 'doc/asyncworker.md', 436, 438 ]
230 silly gunzTarPerm extractEntry doc/callback.md
231 silly gunzTarPerm modified mode [ 'doc/callback.md', 436, 438 ]
232 silly gunzTarPerm extractEntry doc/converters.md
233 silly gunzTarPerm modified mode [ 'doc/converters.md', 436, 438 ]
234 silly gunzTarPerm extractEntry doc/errors.md
235 silly gunzTarPerm modified mode [ 'doc/errors.md', 436, 438 ]
236 silly gunzTarPerm extractEntry doc/maybe_types.md
237 silly gunzTarPerm modified mode [ 'doc/maybe_types.md', 436, 438 ]
238 silly gunzTarPerm extractEntry doc/methods.md
239 silly gunzTarPerm modified mode [ 'doc/methods.md', 436, 438 ]
240 silly gunzTarPerm extractEntry doc/new.md
241 silly gunzTarPerm modified mode [ 'doc/new.md', 436, 438 ]
242 silly gunzTarPerm extractEntry doc/buffers.md
243 silly gunzTarPerm modified mode [ 'doc/buffers.md', 436, 438 ]
244 silly gunzTarPerm extractEntry doc/object_wrappers.md
245 silly gunzTarPerm modified mode [ 'doc/object_wrappers.md', 436, 438 ]
246 verbose write writing to C:\Users\Steve Masteller\Documents\sites\build-rest-api-with-express-v1\node_modules\bcrypt\node_modules\bindings\package.json
247 info preinstall bindings@1.2.1
248 verbose readDependencies loading dependencies from C:\Users\Steve Masteller\Documents\sites\build-rest-api-with-express-v1\node_modules\bcrypt\node_modules\bindings\package.json
249 silly gunzTarPerm extractEntry doc/persistent.md
250 silly gunzTarPerm modified mode [ 'doc/persistent.md', 436, 438 ]
251 silly gunzTarPerm extractEntry doc/scopes.md
252 silly gunzTarPerm modified mode [ 'doc/scopes.md', 436, 438 ]
253 verbose readDependencies loading dependencies from C:\Users\Steve Masteller\Documents\sites\build-rest-api-with-express-v1\node_modules\bcrypt\node_modules\bindings\package.json
254 silly install resolved []
255 verbose about to build C:\Users\Steve Masteller\Documents\sites\build-rest-api-with-express-v1\node_modules\bcrypt\node_modules\bindings
256 info build C:\Users\Steve Masteller\Documents\sites\build-rest-api-with-express-v1\node_modules\bcrypt\node_modules\bindings
257 info linkStuff bindings@1.2.1
258 silly linkStuff bindings@1.2.1 has C:\Users\Steve Masteller\Documents\sites\build-rest-api-with-express-v1\node_modules\bcrypt\node_modules as its parent node_modules
259 verbose linkBins bindings@1.2.1
260 verbose linkMans bindings@1.2.1
261 verbose rebuildBundles bindings@1.2.1
262 info install bindings@1.2.1
263 info postinstall bindings@1.2.1
264 silly gunzTarPerm extractEntry doc/script.md
265 silly gunzTarPerm modified mode [ 'doc/script.md', 436, 438 ]
266 silly gunzTarPerm extractEntry doc/string_bytes.md
267 silly gunzTarPerm modified mode [ 'doc/string_bytes.md', 436, 438 ]
268 verbose unlock done using C:\Users\Steve Masteller\AppData\Roaming\npm-cache\_locks\bindings-602a0b7ca22edcae.lock for C:\Users\Steve Masteller\Documents\sites\build-rest-api-with-express-v1\node_modules\bcrypt\node_modules\bindings
269 silly gunzTarPerm extractEntry doc/v8_internals.md
270 silly gunzTarPerm modified mode [ 'doc/v8_internals.md', 436, 438 ]
271 silly gunzTarPerm extractEntry doc/v8_misc.md
272 silly gunzTarPerm modified mode [ 'doc/v8_misc.md', 436, 438 ]
273 silly gunzTarPerm extractEntry nan.h
274 silly gunzTarPerm modified mode [ 'nan.h', 436, 438 ]
275 silly gunzTarPerm extractEntry nan_callbacks.h
276 silly gunzTarPerm modified mode [ 'nan_callbacks.h', 436, 438 ]
277 silly gunzTarPerm extractEntry nan_callbacks_12_inl.h
278 silly gunzTarPerm modified mode [ 'nan_callbacks_12_inl.h', 436, 438 ]
279 silly gunzTarPerm extractEntry nan_callbacks_pre_12_inl.h
280 silly gunzTarPerm modified mode [ 'nan_callbacks_pre_12_inl.h', 436, 438 ]
281 silly gunzTarPerm extractEntry nan_converters_43_inl.h
282 silly gunzTarPerm modified mode [ 'nan_converters_43_inl.h', 436, 438 ]
283 silly gunzTarPerm extractEntry nan_converters_pre_43_inl.h
284 silly gunzTarPerm modified mode [ 'nan_converters_pre_43_inl.h', 436, 438 ]
285 silly gunzTarPerm extractEntry nan_implementation_12_inl.h
286 silly gunzTarPerm modified mode [ 'nan_implementation_12_inl.h', 436, 438 ]
287 silly gunzTarPerm extractEntry nan_implementation_pre_12_inl.h
288 silly gunzTarPerm modified mode [ 'nan_implementation_pre_12_inl.h', 436, 438 ]
289 silly gunzTarPerm extractEntry nan_maybe_43_inl.h
290 silly gunzTarPerm modified mode [ 'nan_maybe_43_inl.h', 436, 438 ]
291 silly gunzTarPerm extractEntry nan_maybe_pre_43_inl.h
292 silly gunzTarPerm modified mode [ 'nan_maybe_pre_43_inl.h', 436, 438 ]
293 silly gunzTarPerm extractEntry nan_new.h
294 silly gunzTarPerm modified mode [ 'nan_new.h', 436, 438 ]
295 silly gunzTarPerm extractEntry nan_object_wrap.h
296 silly gunzTarPerm modified mode [ 'nan_object_wrap.h', 436, 438 ]
297 silly gunzTarPerm extractEntry nan_persistent_12_inl.h
298 silly gunzTarPerm modified mode [ 'nan_persistent_12_inl.h', 436, 438 ]
299 silly gunzTarPerm extractEntry nan_persistent_pre_12_inl.h
300 silly gunzTarPerm modified mode [ 'nan_persistent_pre_12_inl.h', 436, 438 ]
301 silly gunzTarPerm extractEntry nan_string_bytes.h
302 silly gunzTarPerm modified mode [ 'nan_string_bytes.h', 436, 438 ]
303 silly gunzTarPerm extractEntry nan_typedarray_contents.h
304 silly gunzTarPerm modified mode [ 'nan_typedarray_contents.h', 436, 438 ]
305 silly gunzTarPerm extractEntry nan_weak.h
306 silly gunzTarPerm modified mode [ 'nan_weak.h', 436, 438 ]
307 silly gunzTarPerm extractEntry CHANGELOG.md
308 silly gunzTarPerm modified mode [ 'CHANGELOG.md', 436, 438 ]
309 silly gunzTarPerm extractEntry tools/package.json
310 silly gunzTarPerm modified mode [ 'tools/package.json', 436, 438 ]
311 silly gunzTarPerm extractEntry tools/README.md
312 silly gunzTarPerm modified mode [ 'tools/README.md', 436, 438 ]
313 silly gunzTarPerm extractEntry tools/1to2.js
314 silly gunzTarPerm modified mode [ 'tools/1to2.js', 509, 511 ]
315 verbose write writing to C:\Users\Steve Masteller\Documents\sites\build-rest-api-with-express-v1\node_modules\bcrypt\node_modules\nan\package.json
316 info preinstall nan@2.3.5
317 verbose readDependencies loading dependencies from C:\Users\Steve Masteller\Documents\sites\build-rest-api-with-express-v1\node_modules\bcrypt\node_modules\nan\package.json
318 verbose readDependencies loading dependencies from C:\Users\Steve Masteller\Documents\sites\build-rest-api-with-express-v1\node_modules\bcrypt\node_modules\nan\package.json
319 silly install resolved []
320 verbose about to build C:\Users\Steve Masteller\Documents\sites\build-rest-api-with-express-v1\node_modules\bcrypt\node_modules\nan
321 info build C:\Users\Steve Masteller\Documents\sites\build-rest-api-with-express-v1\node_modules\bcrypt\node_modules\nan
322 info linkStuff nan@2.3.5
323 silly linkStuff nan@2.3.5 has C:\Users\Steve Masteller\Documents\sites\build-rest-api-with-express-v1\node_modules\bcrypt\node_modules as its parent node_modules
324 verbose linkBins nan@2.3.5
325 verbose linkMans nan@2.3.5
326 verbose rebuildBundles nan@2.3.5
327 info install nan@2.3.5
328 info postinstall nan@2.3.5
329 verbose unlock done using C:\Users\Steve Masteller\AppData\Roaming\npm-cache\_locks\nan-ebce7c4ad487a656.lock for C:\Users\Steve Masteller\Documents\sites\build-rest-api-with-express-v1\node_modules\bcrypt\node_modules\nan
330 verbose about to build C:\Users\Steve Masteller\Documents\sites\build-rest-api-with-express-v1\node_modules\bcrypt
331 info build C:\Users\Steve Masteller\Documents\sites\build-rest-api-with-express-v1\node_modules\bcrypt
332 info linkStuff bcrypt@0.8.7
333 silly linkStuff bcrypt@0.8.7 has C:\Users\Steve Masteller\Documents\sites\build-rest-api-with-express-v1\node_modules as its parent node_modules
334 verbose linkBins bcrypt@0.8.7
335 verbose linkMans bcrypt@0.8.7
336 verbose rebuildBundles bcrypt@0.8.7
337 verbose rebuildBundles [ 'bindings', 'nan' ]
338 info install bcrypt@0.8.7
339 verbose unsafe-perm in lifecycle true
340 info bcrypt@0.8.7 Failed to exec install script
341 verbose unlock done using C:\Users\Steve Masteller\AppData\Roaming\npm-cache\_locks\bcrypt-20294bd58f21587c.lock for C:\Users\Steve Masteller\Documents\sites\build-rest-api-with-express-v1\node_modules\bcrypt
342 verbose stack Error: bcrypt@0.8.7 install: `node-gyp rebuild`
342 verbose stack Exit status 1
342 verbose stack     at EventEmitter.<anonymous> (C:\Program Files\nodejs\node_modules\npm\lib\utils\lifecycle.js:217:16)
342 verbose stack     at emitTwo (events.js:87:13)
342 verbose stack     at EventEmitter.emit (events.js:172:7)
342 verbose stack     at ChildProcess.<anonymous> (C:\Program Files\nodejs\node_modules\npm\lib\utils\spawn.js:24:14)
342 verbose stack     at emitTwo (events.js:87:13)
342 verbose stack     at ChildProcess.emit (events.js:172:7)
342 verbose stack     at maybeClose (internal/child_process.js:829:16)
342 verbose stack     at Process.ChildProcess._handle.onexit (internal/child_process.js:211:5)
343 verbose pkgid bcrypt@0.8.7
344 verbose cwd C:\Users\Steve Masteller\Documents\sites\build-rest-api-with-express-v1
345 error Windows_NT 10.0.14393
346 error argv "C:\\Program Files\\nodejs\\node.exe" "C:\\Program Files\\nodejs\\node_modules\\npm\\bin\\npm-cli.js" "install" "bcrypt" "--save"
347 error node v4.6.0
348 error npm  v2.15.9
349 error code ELIFECYCLE
350 error bcrypt@0.8.7 install: `node-gyp rebuild`
350 error Exit status 1
351 error Failed at the bcrypt@0.8.7 install script 'node-gyp rebuild'.
351 error This is most likely a problem with the bcrypt package,
351 error not with npm itself.
351 error Tell the author that this fails on your system:
351 error     node-gyp rebuild
351 error You can get information on how to open an issue for this project with:
351 error     npm bugs bcrypt
351 error Or if that isn't available, you can get their info via:
351 error
351 error     npm owner ls bcrypt
351 error There is likely additional logging output above.
352 verbose exit [ 1, true ]
353 verbose unbuild node_modules\bcrypt
354 info preuninstall bcrypt@0.8.7
355 info uninstall bcrypt@0.8.7
356 verbose unbuild rmStuff bcrypt@0.8.7 from C:\Users\Steve Masteller\Documents\sites\build-rest-api-with-express-v1\node_modules
357 info postuninstall bcrypt@0.8.7
358 silly gentlyRm C:\Users\Steve Masteller\Documents\sites\build-rest-api-with-express-v1\node_modules\bcrypt is being purged from base C:\Users\Steve Masteller\Documents\sites\build-rest-api-with-express-v1
359 verbose gentlyRm don't care about contents; nuking C:\Users\Steve Masteller\Documents\sites\build-rest-api-with-express-v1\node_modules\bcrypt
360 silly vacuum-fs purging C:\Users\Steve Masteller\Documents\sites\build-rest-api-with-express-v1\node_modules\bcrypt
361 silly vacuum-fs quitting because other entries in C:\Users\Steve Masteller\Documents\sites\build-rest-api-with-express-v1\node_modules
